Determining if the pthread_create exist failed with the following output:
Change Dir: /home/nvidia/xycar_ws/build/CMakeFiles/CMakeTmp

Run Build Command:"/usr/bin/make" "cmTC_21f19/fast"
/usr/bin/make -f CMakeFiles/cmTC_21f19.dir/build.make CMakeFiles/cmTC_21f19.dir/build
make[1]: Entering directory '/home/nvidia/xycar_ws/build/CMakeFiles/CMakeTmp'
Building C object CMakeFiles/cmTC_21f19.dir/CheckSymbolExists.c.o
/usr/bin/cc    -o CMakeFiles/cmTC_21f19.dir/CheckSymbolExists.c.o   -c /home/nvidia/xycar_ws/build/CMakeFiles/CMakeTmp/CheckSymbolExists.c
Linking C executable cmTC_21f19
/usr/bin/cmake -E cmake_link_script CMakeFiles/cmTC_21f19.dir/link.txt --verbose=1
/usr/bin/cc      -rdynamic CMakeFiles/cmTC_21f19.dir/CheckSymbolExists.c.o  -o cmTC_21f19 
CMakeFiles/cmTC_21f19.dir/CheckSymbolExists.c.o: In function `main':
CheckSymbolExists.c:(.text+0x14): undefined reference to `pthread_create'
CheckSymbolExists.c:(.text+0x18): undefined reference to `pthread_create'
collect2: error: ld returned 1 exit status
CMakeFiles/cmTC_21f19.dir/build.make:97: recipe for target 'cmTC_21f19' failed
make[1]: *** [cmTC_21f19] Error 1
make[1]: Leaving directory '/home/nvidia/xycar_ws/build/CMakeFiles/CMakeTmp'
Makefile:126: recipe for target 'cmTC_21f19/fast' failed
make: *** [cmTC_21f19/fast] Error 2

File /home/nvidia/xycar_ws/build/CMakeFiles/CMakeTmp/CheckSymbolExists.c:
/* */
#include <pthread.h>

int main(int argc, char** argv)
{
  (void)argv;
#ifndef pthread_create
  return ((int*)(&pthread_create))[argc];
#else
  (void)argc;
  return 0;
#endif
}

Determining if the function pthread_create exists in the pthreads failed with the following output:
Change Dir: /home/nvidia/xycar_ws/build/CMakeFiles/CMakeTmp

Run Build Command:"/usr/bin/make" "cmTC_5f19e/fast"
/usr/bin/make -f CMakeFiles/cmTC_5f19e.dir/build.make CMakeFiles/cmTC_5f19e.dir/build
make[1]: Entering directory '/home/nvidia/xycar_ws/build/CMakeFiles/CMakeTmp'
Building C object CMakeFiles/cmTC_5f19e.dir/CheckFunctionExists.c.o
/usr/bin/cc   -DCHECK_FUNCTION_EXISTS=pthread_create   -o CMakeFiles/cmTC_5f19e.dir/CheckFunctionExists.c.o   -c /usr/share/cmake-3.10/Modules/CheckFunctionExists.c
Linking C executable cmTC_5f19e
/usr/bin/cmake -E cmake_link_script CMakeFiles/cmTC_5f19e.dir/link.txt --verbose=1
/usr/bin/cc  -DCHECK_FUNCTION_EXISTS=pthread_create    -rdynamic CMakeFiles/cmTC_5f19e.dir/CheckFunctionExists.c.o  -o cmTC_5f19e -lpthreads 
/usr/bin/ld: cannot find -lpthreads
collect2: error: ld returned 1 exit status
CMakeFiles/cmTC_5f19e.dir/build.make:97: recipe for target 'cmTC_5f19e' failed
make[1]: *** [cmTC_5f19e] Error 1
make[1]: Leaving directory '/home/nvidia/xycar_ws/build/CMakeFiles/CMakeTmp'
Makefile:126: recipe for target 'cmTC_5f19e/fast' failed
make: *** [cmTC_5f19e/fast] Error 2


